{
    "FunctionName": "getFollowersCount",
    "FunctionArn": "arn:aws:lambda:us-west-2:108857565390:function:getFollowersCount:39",
    "Runtime": "nodejs20.x",
    "Role": "arn:aws:iam::108857565390:role/cs340lambda",
    "Handler": "dist/lambda/GetFollowersCountLambda.handler",
    "CodeSize": 30932,
    "Description": "",
    "Timeout": 3,
    "MemorySize": 128,
    "LastModified": "2024-04-12T10:08:21.000+0000",
    "CodeSha256": "nWUTMurxdxCa6D7U+oyAHTC7aqYEf+7OF7aZca3BPcY=",
    "Version": "39",
    "TracingConfig": {
        "Mode": "PassThrough"
    },
    "RevisionId": "0e10d9e2-2e3e-4636-b61d-bbd3f258eb7a",
    "Layers": [
        {
            "Arn": "arn:aws:lambda:us-west-2:108857565390:layer:tweeter_dependencies:28",
            "CodeSize": 19453128
        }
    ],
    "State": "Pending",
    "StateReason": "The function is being created.",
    "StateReasonCode": "Creating",
    "PackageType": "Zip",
    "Architectures": [
        "x86_64"
    ],
    "EphemeralStorage": {
        "Size": 512
    },
    "SnapStart": {
        "ApplyOn": "None",
        "OptimizationStatus": "Off"
    },
    "RuntimeVersionConfig": {
        "RuntimeVersionArn": "arn:aws:lambda:us-west-2::runtime:ac02783c3092553c14c6c78e6250233bcae8408cf999df05d9ee7c422e5718e3"
    },
    "LoggingConfig": {
        "LogFormat": "Text",
        "LogGroup": "/aws/lambda/getFollowersCount"
    }
}
