{
    "FunctionName": "loadMoreFeedItems",
    "FunctionArn": "arn:aws:lambda:us-west-2:108857565390:function:loadMoreFeedItems:49",
    "Runtime": "nodejs20.x",
    "Role": "arn:aws:iam::108857565390:role/cs340lambda",
    "Handler": "dist/lambda/LoadMoreFeedItemsLambda.handler",
    "CodeSize": 33669,
    "Description": "",
    "Timeout": 3,
    "MemorySize": 128,
    "LastModified": "2024-04-15T02:23:16.000+0000",
    "CodeSha256": "q/pMa598R/jPXhJ2Pqbiy8OuSDkn/K5o5Wt0t0y9lIM=",
    "Version": "49",
    "TracingConfig": {
        "Mode": "PassThrough"
    },
    "RevisionId": "61797bfa-01e5-433b-acbf-1266a166e392",
    "Layers": [
        {
            "Arn": "arn:aws:lambda:us-west-2:108857565390:layer:tweeter_dependencies:28",
            "CodeSize": 19453128
        }
    ],
    "State": "Active",
    "LastUpdateStatus": "Successful",
    "PackageType": "Zip",
    "Architectures": [
        "x86_64"
    ],
    "EphemeralStorage": {
        "Size": 512
    },
    "SnapStart": {
        "ApplyOn": "None",
        "OptimizationStatus": "Off"
    },
    "RuntimeVersionConfig": {
        "RuntimeVersionArn": "arn:aws:lambda:us-west-2::runtime:ac02783c3092553c14c6c78e6250233bcae8408cf999df05d9ee7c422e5718e3"
    },
    "LoggingConfig": {
        "LogFormat": "Text",
        "LogGroup": "/aws/lambda/loadMoreFeedItems"
    }
}
