{
    "FunctionName": "postStatus",
    "FunctionArn": "arn:aws:lambda:us-west-2:108857565390:function:postStatus:15",
    "Runtime": "nodejs20.x",
    "Role": "arn:aws:iam::108857565390:role/cs340lambda",
    "Handler": "dist/lambda/PostStatusLambda.handler",
    "CodeSize": 16070,
    "Description": "",
    "Timeout": 3,
    "MemorySize": 128,
    "LastModified": "2024-03-29T23:13:15.000+0000",
    "CodeSha256": "lAAWkchf57f1f+1hyuG0UJnhcTS6tlQwDdpH2PVl98E=",
    "Version": "15",
    "TracingConfig": {
        "Mode": "PassThrough"
    },
    "RevisionId": "ee777914-21b6-4743-ab57-12b9fd3a90a4",
    "Layers": [
        {
            "Arn": "arn:aws:lambda:us-west-2:108857565390:layer:tweeter_dependencies:24",
            "CodeSize": 1299756
        }
    ],
    "State": "Pending",
    "StateReason": "The function is being created.",
    "StateReasonCode": "Creating",
    "PackageType": "Zip",
    "Architectures": [
        "x86_64"
    ],
    "EphemeralStorage": {
        "Size": 512
    },
    "SnapStart": {
        "ApplyOn": "None",
        "OptimizationStatus": "Off"
    },
    "RuntimeVersionConfig": {
        "RuntimeVersionArn": "arn:aws:lambda:us-west-2::runtime:ecf83feba464e64dae4dc1a80327f8f786abd91aed7e0d884474a062cd1a7d63"
    },
    "LoggingConfig": {
        "LogFormat": "Text",
        "LogGroup": "/aws/lambda/postStatus"
    }
}
