{
    "FunctionName": "unfollow",
    "FunctionArn": "arn:aws:lambda:us-west-2:108857565390:function:unfollow:54",
    "Runtime": "nodejs20.x",
    "Role": "arn:aws:iam::108857565390:role/cs340lambda",
    "Handler": "dist/lambda/UnFollowLambda.handler",
    "CodeSize": 42661,
    "Description": "",
    "Timeout": 3,
    "MemorySize": 128,
    "LastModified": "2024-04-17T13:40:15.000+0000",
    "CodeSha256": "eklV9wPLyMQlMUi+CON0cxDPGT4JvlRpjCKvzXO9sXg=",
    "Version": "54",
    "TracingConfig": {
        "Mode": "PassThrough"
    },
    "RevisionId": "8d550d87-bf86-4811-8791-fc9618d4560a",
    "Layers": [
        {
            "Arn": "arn:aws:lambda:us-west-2:108857565390:layer:tweeter_dependencies:30",
            "CodeSize": 20830850
        }
    ],
    "State": "Pending",
    "StateReason": "The function is being created.",
    "StateReasonCode": "Creating",
    "PackageType": "Zip",
    "Architectures": [
        "x86_64"
    ],
    "EphemeralStorage": {
        "Size": 512
    },
    "SnapStart": {
        "ApplyOn": "None",
        "OptimizationStatus": "Off"
    },
    "RuntimeVersionConfig": {
        "RuntimeVersionArn": "arn:aws:lambda:us-west-2::runtime:ac02783c3092553c14c6c78e6250233bcae8408cf999df05d9ee7c422e5718e3"
    },
    "LoggingConfig": {
        "LogFormat": "Text",
        "LogGroup": "/aws/lambda/unfollow"
    }
}
