{
    "FunctionName": "loadMoreFollowers",
    "FunctionArn": "arn:aws:lambda:us-west-2:108857565390:function:loadMoreFollowers:16",
    "Runtime": "nodejs20.x",
    "Role": "arn:aws:iam::108857565390:role/cs340lambda",
    "Handler": "dist/lambda/LoadMoreFollowersLambda.handler",
    "CodeSize": 21463,
    "Description": "",
    "Timeout": 3,
    "MemorySize": 128,
    "LastModified": "2024-04-08T03:40:53.000+0000",
    "CodeSha256": "yBkrNVSSyf/O0CFtwjBTaJ82H8WCLbXJ72hX81awXO4=",
    "Version": "16",
    "TracingConfig": {
        "Mode": "PassThrough"
    },
    "RevisionId": "cbcb41a9-9535-4a64-9bc8-f94750b3e97e",
    "Layers": [
        {
            "Arn": "arn:aws:lambda:us-west-2:108857565390:layer:tweeter_dependencies:24",
            "CodeSize": 1299756
        }
    ],
    "State": "Pending",
    "StateReason": "The function is being created.",
    "StateReasonCode": "Creating",
    "PackageType": "Zip",
    "Architectures": [
        "x86_64"
    ],
    "EphemeralStorage": {
        "Size": 512
    },
    "SnapStart": {
        "ApplyOn": "None",
        "OptimizationStatus": "Off"
    },
    "RuntimeVersionConfig": {
        "RuntimeVersionArn": "arn:aws:lambda:us-west-2::runtime:ecf83feba464e64dae4dc1a80327f8f786abd91aed7e0d884474a062cd1a7d63"
    },
    "LoggingConfig": {
        "LogFormat": "Text",
        "LogGroup": "/aws/lambda/loadMoreFollowers"
    }
}
